<?xml version="1.0" encoding="UTF-8"?>
<!-- Generated by org.testng.reporters.JUnitXMLReporter -->
<testsuite hostname="INHYL3V6LX52" ignored="1" name="Default test" tests="2" failures="0" timestamp="14 Aug 2018 06:55:55 GMT" time="94.554" errors="0">
  <testcase name="RegisterNewPlayerTest" time="34.752" classname="com.olg.qa.smoketesttests.RegisterplayerTest"/>
  <testcase name="RegisterNewPlayerTest" time="35.297" classname="com.olg.qa.smoketesttests.RegisterplayerTest"/>
  <testcase name="loginpageTitleTest" time="0.0" classname="com.olg.qa.smoketesttests.RegisterplayerTest">
    <ignored/>
  </testcase> <!-- loginpageTitleTest -->
</testsuite> <!-- Default test -->
