<?xml version="1.0" encoding="UTF-8"?>
<testng-results skipped="0" failed="0" ignored="1" total="3" passed="2">
  <reporter-output>
  </reporter-output>
  <suite name="Default suite" duration-ms="94554" started-at="2018-08-14T06:54:21Z" finished-at="2018-08-14T06:55:55Z">
    <groups>
    </groups>
    <test name="Default test" duration-ms="94554" started-at="2018-08-14T06:54:21Z" finished-at="2018-08-14T06:55:55Z">
      <class name="com.olg.qa.smoketesttests.RegisterplayerTest">
        <test-method status="PASS" signature="setUp()[pri:0, instance:com.olg.qa.smoketesttests.RegisterplayerTest@f6c48ac]" name="setUp" is-config="true" duration-ms="11757" started-at="2018-08-14T06:54:21Z" finished-at="2018-08-14T06:54:33Z">
          <reporter-output>
          </reporter-output>
        </test-method> <!-- setUp -->
        <test-method status="PASS" signature="RegisterNewPlayerTest(java.lang.String, java.lang.String, java.lang.String, java.lang.String, java.lang.String, java.lang.String, java.lang.String, java.lang.String, java.lang.String, java.lang.String, java.lang.String, java.lang.String, java.lang.String, java.lang.String, java.lang.String, java.lang.String, java.lang.String)[pri:2, instance:com.olg.qa.smoketesttests.RegisterplayerTest@f6c48ac]" name="RegisterNewPlayerTest" duration-ms="34752" started-at="2018-08-14T06:54:33Z" data-provider="getRegisterdata" finished-at="2018-08-14T06:55:08Z">
          <params>
            <param index="0">
              <value>
                <![CDATA[swetha]]>
              </value>
            </param>
            <param index="1">
              <value>
                <![CDATA[sayala]]>
              </value>
            </param>
            <param index="2">
              <value>
                <![CDATA[03-09-1983]]>
              </value>
            </param>
            <param index="3">
              <value>
                <![CDATA[3590 Rivergate Way Ottawa ON ]]>
              </value>
            </param>
            <param index="4">
              <value>
                <![CDATA[8578985891]]>
              </value>
            </param>
            <param index="5">
              <value>
                <![CDATA[test1@test.com]]>
              </value>
            </param>
            <param index="6">
              <value>
                <![CDATA[test1@test.com]]>
              </value>
            </param>
            <param index="7">
              <value>
                <![CDATA[Yes]]>
              </value>
            </param>
            <param index="8">
              <value>
                <![CDATA[swetha23test099]]>
              </value>
            </param>
            <param index="9">
              <value>
                <![CDATA[Bossmedia1]]>
              </value>
            </param>
            <param index="10">
              <value>
                <![CDATA[Bossmedia1]]>
              </value>
            </param>
            <param index="11">
              <value>
                <![CDATA[nickswetha099]]>
              </value>
            </param>
            <param index="12">
              <value>
                <![CDATA[What colour was your first car?]]>
              </value>
            </param>
            <param index="13">
              <value>
                <![CDATA[Black]]>
              </value>
            </param>
            <param index="14">
              <value>
                <![CDATA[What is your favourite sport?]]>
              </value>
            </param>
            <param index="15">
              <value>
                <![CDATA[TT]]>
              </value>
            </param>
            <param index="16">
              <value>
                <![CDATA[No]]>
              </value>
            </param>
          </params>
          <reporter-output>
          </reporter-output>
        </test-method> <!-- RegisterNewPlayerTest -->
        <test-method status="PASS" signature="setUp()[pri:0, instance:com.olg.qa.smoketesttests.RegisterplayerTest@f6c48ac]" name="setUp" is-config="true" duration-ms="12254" started-at="2018-08-14T06:55:08Z" finished-at="2018-08-14T06:55:20Z">
          <reporter-output>
          </reporter-output>
        </test-method> <!-- setUp -->
        <test-method status="PASS" signature="RegisterNewPlayerTest(java.lang.String, java.lang.String, java.lang.String, java.lang.String, java.lang.String, java.lang.String, java.lang.String, java.lang.String, java.lang.String, java.lang.String, java.lang.String, java.lang.String, java.lang.String, java.lang.String, java.lang.String, java.lang.String, java.lang.String)[pri:2, instance:com.olg.qa.smoketesttests.RegisterplayerTest@f6c48ac]" name="RegisterNewPlayerTest" duration-ms="35297" started-at="2018-08-14T06:55:20Z" data-provider="getRegisterdata" finished-at="2018-08-14T06:55:55Z">
          <params>
            <param index="0">
              <value>
                <![CDATA[swetha]]>
              </value>
            </param>
            <param index="1">
              <value>
                <![CDATA[sayala]]>
              </value>
            </param>
            <param index="2">
              <value>
                <![CDATA[22-12-1979]]>
              </value>
            </param>
            <param index="3">
              <value>
                <![CDATA[3590 Rivergate Way Ottawa ON ]]>
              </value>
            </param>
            <param index="4">
              <value>
                <![CDATA[7856985641]]>
              </value>
            </param>
            <param index="5">
              <value>
                <![CDATA[test2@test.com]]>
              </value>
            </param>
            <param index="6">
              <value>
                <![CDATA[test2@test.com]]>
              </value>
            </param>
            <param index="7">
              <value>
                <![CDATA[Yes]]>
              </value>
            </param>
            <param index="8">
              <value>
                <![CDATA[swetha23test100]]>
              </value>
            </param>
            <param index="9">
              <value>
                <![CDATA[Bossmedia1]]>
              </value>
            </param>
            <param index="10">
              <value>
                <![CDATA[Bossmedia1]]>
              </value>
            </param>
            <param index="11">
              <value>
                <![CDATA[nickswetha100]]>
              </value>
            </param>
            <param index="12">
              <value>
                <![CDATA[What colour was your first car?]]>
              </value>
            </param>
            <param index="13">
              <value>
                <![CDATA[Black]]>
              </value>
            </param>
            <param index="14">
              <value>
                <![CDATA[What is your favourite sport?]]>
              </value>
            </param>
            <param index="15">
              <value>
                <![CDATA[TT]]>
              </value>
            </param>
            <param index="16">
              <value>
                <![CDATA[No]]>
              </value>
            </param>
          </params>
          <reporter-output>
          </reporter-output>
        </test-method> <!-- RegisterNewPlayerTest -->
      </class> <!-- com.olg.qa.smoketesttests.RegisterplayerTest -->
    </test> <!-- Default test -->
  </suite> <!-- Default suite -->
</testng-results>
